<?xml version="1.0" encoding="UTF-8"?>
<!-- Generated by org.testng.reporters.JUnitReportReporter -->
<testsuite skipped="0" hostname="ULTRABOOK" name="RunnerScripts.RunnerClass" tests="1" failures="0" timestamp="31 Oct 2022 17:58:49 GMT" time="160.392" errors="0">
  <testcase name="runScenario" time="160.392" classname="RunnerScripts.RunnerClass"/>
</testsuite> <!-- RunnerScripts.RunnerClass -->
