<?xml version="1.0" encoding="UTF-8"?>
<!-- Generated by org.testng.reporters.JUnitReportReporter -->
<testsuite skipped="0" hostname="ULTRABOOK" name="RunnerScripts.RunnerClass" tests="1" failures="0" timestamp="01 Nov 2022 09:15:13 GMT" time="84.296" errors="0">
  <testcase name="runScenario" time="84.296" classname="RunnerScripts.RunnerClass"/>
</testsuite> <!-- RunnerScripts.RunnerClass -->
